<?xml version="1.0" encoding="UTF-8"?>
<testng-results skipped="0" failed="0" total="2" passed="2">
  <reporter-output>
  </reporter-output>
  <suite name="Default suite" duration-ms="65588" started-at="2016-04-27T06:24:19Z" finished-at="2016-04-27T06:25:25Z">
    <groups>
    </groups>
    <test name="Default test" duration-ms="65588" started-at="2016-04-27T06:24:19Z" finished-at="2016-04-27T06:25:25Z">
      <class name="com.spi.test.DriverOther">
        <test-method status="PASS" signature="beforeSuite()[pri:0, instance:com.spi.test.DriverOther@15eef3d]" name="beforeSuite" is-config="true" duration-ms="93" started-at="2016-04-27T11:54:19Z" finished-at="2016-04-27T11:54:19Z">
          <reporter-output>
          </reporter-output>
        </test-method> <!-- beforeSuite -->
        <test-method status="PASS" signature="openApplication()[pri:0, instance:com.spi.test.DriverOther@15eef3d]" name="openApplication" is-config="true" duration-ms="19952" started-at="2016-04-27T11:54:19Z" finished-at="2016-04-27T11:54:39Z">
          <reporter-output>
          </reporter-output>
        </test-method> <!-- openApplication -->
        <test-method status="PASS" signature="testMethod(java.util.List)[pri:0, instance:com.spi.test.DriverOther@15eef3d]" name="testMethod" duration-ms="9266" started-at="2016-04-27T11:54:39Z" data-provider="getScenarioName" finished-at="2016-04-27T11:54:48Z">
          <params>
            <param index="0">
              <value>
                <![CDATA[[SearchDisplayPage, HighestRatings]]]>
              </value>
            </param>
          </params>
          <reporter-output>
          </reporter-output>
        </test-method> <!-- testMethod -->
        <test-method status="PASS" signature="afterMethod(org.testng.ITestResult)[pri:0, instance:com.spi.test.DriverOther@15eef3d]" name="afterMethod" is-config="true" duration-ms="188" started-at="2016-04-27T11:54:48Z" finished-at="2016-04-27T11:54:49Z">
          <params>
            <param index="0">
              <value>
                <![CDATA[[TestResult name=testMethod status=SUCCESS method=DriverOther.testMethod(java.util.List)[pri:0, instance:com.spi.test.DriverOther@15eef3d] output={null}]]]>
              </value>
            </param>
          </params>
          <reporter-output>
          </reporter-output>
        </test-method> <!-- afterMethod -->
        <test-method status="PASS" signature="testMethod(java.util.List)[pri:0, instance:com.spi.test.DriverOther@15eef3d]" name="testMethod" duration-ms="33504" started-at="2016-04-27T11:54:49Z" data-provider="getScenarioName" finished-at="2016-04-27T11:55:22Z">
          <params>
            <param index="0">
              <value>
                <![CDATA[[ProductPaginationPage, itemsperpage30validation, itemsperpage60validation, itemsperpage90validation]]]>
              </value>
            </param>
          </params>
          <reporter-output>
          </reporter-output>
        </test-method> <!-- testMethod -->
        <test-method status="PASS" signature="afterMethod(org.testng.ITestResult)[pri:0, instance:com.spi.test.DriverOther@15eef3d]" name="afterMethod" is-config="true" duration-ms="48" started-at="2016-04-27T11:55:22Z" finished-at="2016-04-27T11:55:22Z">
          <params>
            <param index="0">
              <value>
                <![CDATA[[TestResult name=testMethod status=SUCCESS method=DriverOther.testMethod(java.util.List)[pri:0, instance:com.spi.test.DriverOther@15eef3d] output={null}]]]>
              </value>
            </param>
          </params>
          <reporter-output>
          </reporter-output>
        </test-method> <!-- afterMethod -->
        <test-method status="PASS" signature="closeBrowser()[pri:0, instance:com.spi.test.DriverOther@15eef3d]" name="closeBrowser" is-config="true" duration-ms="2520" started-at="2016-04-27T11:55:22Z" finished-at="2016-04-27T11:55:25Z">
          <reporter-output>
          </reporter-output>
        </test-method> <!-- closeBrowser -->
        <test-method status="PASS" signature="afterSuite()[pri:0, instance:com.spi.test.DriverOther@15eef3d]" name="afterSuite" is-config="true" duration-ms="78" started-at="2016-04-27T11:55:25Z" finished-at="2016-04-27T11:55:25Z">
          <reporter-output>
          </reporter-output>
        </test-method> <!-- afterSuite -->
      </class> <!-- com.spi.test.DriverOther -->
    </test> <!-- Default test -->
  </suite> <!-- Default suite -->
</testng-results>
