<?xml version="1.0" encoding="UTF-8"?>
<testng-results skipped="1" failed="0" total="3" passed="2">
  <reporter-output>
  </reporter-output>
  <suite name="Suite" duration-ms="19064" started-at="2016-07-13T04:29:36Z" finished-at="2016-07-13T04:29:55Z">
    <groups>
    </groups>
    <test name="FirefoxTest" duration-ms="324" started-at="2016-07-13T04:29:36Z" finished-at="2016-07-13T04:29:37Z">
      <class name="com.practice.seleniumgrid.TestNGClass">
        <test-method status="FAIL" signature="launchapp(java.lang.String)[pri:0, instance:com.practice.seleniumgrid.TestNGClass@feb3fa]" name="launchapp" is-config="true" duration-ms="0" started-at="2016-07-13T09:59:36Z" finished-at="2016-07-13T09:59:36Z">
          <params>
            <param index="0">
              <value>
                <![CDATA[firefox]]>
              </value>
            </param>
          </params>
          <exception class="java.lang.NullPointerException">
            <full-stacktrace>
              <![CDATA[java.lang.NullPointerException
	at org.monte.screenrecorder.ScreenRecorder.createMovieWriter(ScreenRecorder.java:382)
	at org.monte.screenrecorder.ScreenRecorder.start(ScreenRecorder.java:489)
	at com.spi.screenRecorder.VideoRecord.startRecording(VideoRecord.java:55)
	at com.practice.seleniumgrid.TestNGClass.launchapp(TestNGClass.java:33)
	at sun.reflect.NativeMethodAccessorImpl.invoke0(Native Method)
	at sun.reflect.NativeMethodAccessorImpl.invoke(Unknown Source)
	at sun.reflect.DelegatingMethodAccessorImpl.invoke(Unknown Source)
	at java.lang.reflect.Method.invoke(Unknown Source)
	at org.testng.internal.MethodInvocationHelper.invokeMethod(MethodInvocationHelper.java:85)
	at org.testng.internal.Invoker.invokeConfigurationMethod(Invoker.java:510)
	at org.testng.internal.Invoker.invokeConfigurations(Invoker.java:211)
	at org.testng.internal.Invoker.invokeConfigurations(Invoker.java:138)
	at org.testng.TestRunner.beforeRun(TestRunner.java:648)
	at org.testng.TestRunner.run(TestRunner.java:616)
	at org.testng.SuiteRunner.runTest(SuiteRunner.java:359)
	at org.testng.SuiteRunner.access$000(SuiteRunner.java:39)
	at org.testng.SuiteRunner$SuiteWorker.run(SuiteRunner.java:393)
	at org.testng.internal.thread.ThreadUtil$2.call(ThreadUtil.java:64)
	at java.util.concurrent.FutureTask.run(Unknown Source)
	at java.util.concurrent.ThreadPoolExecutor.runWorker(Unknown Source)
	at java.util.concurrent.ThreadPoolExecutor$Worker.run(Unknown Source)
	at java.lang.Thread.run(Unknown Source)
]]>
            </full-stacktrace>
          </exception> <!-- java.lang.NullPointerException -->
          <reporter-output>
          </reporter-output>
        </test-method> <!-- launchapp -->
        <test-method status="SKIP" signature="calculatepercent()[pri:0, instance:com.practice.seleniumgrid.TestNGClass@feb3fa]" name="calculatepercent" duration-ms="1" started-at="2016-07-13T09:59:37Z" finished-at="2016-07-13T09:59:37Z">
          <reporter-output>
          </reporter-output>
        </test-method> <!-- calculatepercent -->
        <test-method status="SKIP" signature="closeBrowser()[pri:0, instance:com.practice.seleniumgrid.TestNGClass@feb3fa]" name="closeBrowser" is-config="true" duration-ms="0" started-at="2016-07-13T09:59:37Z" finished-at="2016-07-13T09:59:37Z">
          <reporter-output>
          </reporter-output>
        </test-method> <!-- closeBrowser -->
      </class> <!-- com.practice.seleniumgrid.TestNGClass -->
    </test> <!-- FirefoxTest -->
    <test name="IETest" duration-ms="17390" started-at="2016-07-13T04:29:36Z" finished-at="2016-07-13T04:29:54Z">
      <class name="com.practice.seleniumgrid.TestNGClass">
        <test-method status="PASS" signature="launchapp(java.lang.String)[pri:0, instance:com.practice.seleniumgrid.TestNGClass@3884b2]" name="launchapp" is-config="true" duration-ms="6004" started-at="2016-07-13T09:59:36Z" finished-at="2016-07-13T09:59:42Z">
          <params>
            <param index="0">
              <value>
                <![CDATA[ie]]>
              </value>
            </param>
          </params>
          <reporter-output>
          </reporter-output>
        </test-method> <!-- launchapp -->
        <test-method status="PASS" signature="calculatepercent()[pri:0, instance:com.practice.seleniumgrid.TestNGClass@3884b2]" name="calculatepercent" duration-ms="6301" started-at="2016-07-13T09:59:42Z" finished-at="2016-07-13T09:59:49Z">
          <reporter-output>
          </reporter-output>
        </test-method> <!-- calculatepercent -->
        <test-method status="PASS" signature="closeBrowser()[pri:0, instance:com.practice.seleniumgrid.TestNGClass@3884b2]" name="closeBrowser" is-config="true" duration-ms="5082" started-at="2016-07-13T09:59:49Z" finished-at="2016-07-13T09:59:54Z">
          <reporter-output>
          </reporter-output>
        </test-method> <!-- closeBrowser -->
      </class> <!-- com.practice.seleniumgrid.TestNGClass -->
    </test> <!-- IETest -->
    <test name="ChromeTest" duration-ms="19064" started-at="2016-07-13T04:29:36Z" finished-at="2016-07-13T04:29:55Z">
      <class name="com.practice.seleniumgrid.TestNGClass">
        <test-method status="PASS" signature="launchapp(java.lang.String)[pri:0, instance:com.practice.seleniumgrid.TestNGClass@4edc67]" name="launchapp" is-config="true" duration-ms="6833" started-at="2016-07-13T09:59:36Z" finished-at="2016-07-13T09:59:43Z">
          <params>
            <param index="0">
              <value>
                <![CDATA[chrome]]>
              </value>
            </param>
          </params>
          <reporter-output>
          </reporter-output>
        </test-method> <!-- launchapp -->
        <test-method status="PASS" signature="calculatepercent()[pri:0, instance:com.practice.seleniumgrid.TestNGClass@4edc67]" name="calculatepercent" duration-ms="7146" started-at="2016-07-13T09:59:43Z" finished-at="2016-07-13T09:59:50Z">
          <reporter-output>
          </reporter-output>
        </test-method> <!-- calculatepercent -->
        <test-method status="PASS" signature="closeBrowser()[pri:0, instance:com.practice.seleniumgrid.TestNGClass@4edc67]" name="closeBrowser" is-config="true" duration-ms="5075" started-at="2016-07-13T09:59:50Z" finished-at="2016-07-13T09:59:55Z">
          <reporter-output>
          </reporter-output>
        </test-method> <!-- closeBrowser -->
      </class> <!-- com.practice.seleniumgrid.TestNGClass -->
    </test> <!-- ChromeTest -->
  </suite> <!-- Suite -->
</testng-results>
