<?xml version="1.0" encoding="UTF-8"?>
<testng-results skipped="0" failed="1" total="3" passed="2">
  <reporter-output>
  </reporter-output>
  <suite name="Default suite" duration-ms="297" started-at="2016-04-27T10:21:51Z" finished-at="2016-04-27T10:21:52Z">
    <groups>
    </groups>
    <test name="Default test" duration-ms="297" started-at="2016-04-27T10:21:51Z" finished-at="2016-04-27T10:21:52Z">
      <class name="com.spi.testngdemo.FinalClass">
        <test-method status="PASS" signature="beforeSuite()[pri:0, instance:com.spi.testngdemo.FinalClass@e2abd]" name="beforeSuite" is-config="true" duration-ms="93" started-at="2016-04-27T15:51:51Z" finished-at="2016-04-27T15:51:51Z">
          <reporter-output>
          </reporter-output>
        </test-method> <!-- beforeSuite -->
        <test-method status="PASS" signature="PassTest2()[pri:0, instance:com.spi.testngdemo.FinalClass@e2abd]" name="PassTest2" duration-ms="0" started-at="2016-04-27T15:51:51Z" finished-at="2016-04-27T15:51:51Z">
          <reporter-output>
          </reporter-output>
        </test-method> <!-- PassTest2 -->
        <test-method status="PASS" signature="afterMethod(org.testng.ITestResult)[pri:0, instance:com.spi.testngdemo.FinalClass@e2abd]" name="afterMethod" is-config="true" duration-ms="203" started-at="2016-04-27T15:51:51Z" finished-at="2016-04-27T15:51:52Z">
          <params>
            <param index="0">
              <value>
                <![CDATA[[TestResult name=PassTest2 status=SUCCESS method=FinalClass.PassTest2()[pri:0, instance:com.spi.testngdemo.FinalClass@e2abd] output={null}]]]>
              </value>
            </param>
          </params>
          <reporter-output>
          </reporter-output>
        </test-method> <!-- afterMethod -->
        <test-method status="FAIL" signature="intentionalFailure()[pri:0, instance:com.spi.testngdemo.FinalClass@e2abd]" name="intentionalFailure" duration-ms="0" started-at="2016-04-27T15:51:52Z" finished-at="2016-04-27T15:51:52Z">
          <exception class="java.lang.Exception">
            <message>
              <![CDATA[intentional failure]]>
            </message>
            <full-stacktrace>
              <![CDATA[java.lang.Exception: intentional failure
	at com.spi.testngdemo.FinalClass.intentionalFailure(FinalClass.java:37)
	at sun.reflect.NativeMethodAccessorImpl.invoke0(Native Method)
	at sun.reflect.NativeMethodAccessorImpl.invoke(Unknown Source)
	at sun.reflect.DelegatingMethodAccessorImpl.invoke(Unknown Source)
	at java.lang.reflect.Method.invoke(Unknown Source)
	at org.testng.internal.MethodInvocationHelper.invokeMethod(MethodInvocationHelper.java:86)
	at org.testng.internal.Invoker.invokeMethod(Invoker.java:646)
	at org.testng.internal.Invoker.invokeTestMethod(Invoker.java:823)
	at org.testng.internal.Invoker.invokeTestMethods(Invoker.java:1131)
	at org.testng.internal.TestMethodWorker.invokeTestMethods(TestMethodWorker.java:129)
	at org.testng.internal.TestMethodWorker.run(TestMethodWorker.java:112)
	at org.testng.TestRunner.privateRun(TestRunner.java:778)
	at org.testng.TestRunner.run(TestRunner.java:632)
	at org.testng.SuiteRunner.runTest(SuiteRunner.java:366)
	at org.testng.SuiteRunner.runSequentially(SuiteRunner.java:361)
	at org.testng.SuiteRunner.privateRun(SuiteRunner.java:319)
	at org.testng.SuiteRunner.run(SuiteRunner.java:268)
	at org.testng.SuiteRunnerWorker.runSuite(SuiteRunnerWorker.java:52)
	at org.testng.SuiteRunnerWorker.run(SuiteRunnerWorker.java:86)
	at org.testng.TestNG.runSuitesSequentially(TestNG.java:1225)
	at org.testng.TestNG.runSuitesLocally(TestNG.java:1150)
	at org.testng.TestNG.runSuites(TestNG.java:1075)
	at org.testng.TestNG.run(TestNG.java:1047)
	at org.testng.remote.AbstractRemoteTestNG.run(AbstractRemoteTestNG.java:126)
	at org.testng.remote.RemoteTestNG.initAndRun(RemoteTestNG.java:137)
	at org.testng.remote.RemoteTestNG.main(RemoteTestNG.java:58)
]]>
            </full-stacktrace>
          </exception> <!-- java.lang.Exception -->
          <reporter-output>
          </reporter-output>
        </test-method> <!-- intentionalFailure -->
        <test-method status="PASS" signature="afterMethod(org.testng.ITestResult)[pri:0, instance:com.spi.testngdemo.FinalClass@e2abd]" name="afterMethod" is-config="true" duration-ms="31" started-at="2016-04-27T15:51:52Z" finished-at="2016-04-27T15:51:52Z">
          <params>
            <param index="0">
              <value>
                <![CDATA[[TestResult name=intentionalFailure status=FAILURE method=FinalClass.intentionalFailure()[pri:0, instance:com.spi.testngdemo.FinalClass@e2abd] output={null}]]]>
              </value>
            </param>
          </params>
          <reporter-output>
          </reporter-output>
        </test-method> <!-- afterMethod -->
        <test-method status="PASS" signature="passTest()[pri:0, instance:com.spi.testngdemo.FinalClass@e2abd]" name="passTest" duration-ms="0" started-at="2016-04-27T15:51:52Z" finished-at="2016-04-27T15:51:52Z">
          <reporter-output>
          </reporter-output>
        </test-method> <!-- passTest -->
        <test-method status="PASS" signature="afterMethod(org.testng.ITestResult)[pri:0, instance:com.spi.testngdemo.FinalClass@e2abd]" name="afterMethod" is-config="true" duration-ms="32" started-at="2016-04-27T15:51:52Z" finished-at="2016-04-27T15:51:52Z">
          <params>
            <param index="0">
              <value>
                <![CDATA[[TestResult name=passTest status=SUCCESS method=FinalClass.passTest()[pri:0, instance:com.spi.testngdemo.FinalClass@e2abd] output={null}]]]>
              </value>
            </param>
          </params>
          <reporter-output>
          </reporter-output>
        </test-method> <!-- afterMethod -->
        <test-method status="PASS" signature="afterSuite()[pri:0, instance:com.spi.testngdemo.FinalClass@e2abd]" name="afterSuite" is-config="true" duration-ms="31" started-at="2016-04-27T15:51:52Z" finished-at="2016-04-27T15:51:52Z">
          <reporter-output>
          </reporter-output>
        </test-method> <!-- afterSuite -->
      </class> <!-- com.spi.testngdemo.FinalClass -->
    </test> <!-- Default test -->
  </suite> <!-- Default suite -->
</testng-results>
