<?xml version="1.0" encoding="UTF-8"?>
<!-- Generated by org.testng.reporters.JUnitXMLReporter -->
<testsuite hostname="SPICITY1077" name="IETest" tests="1" failures="0" timestamp="13 Jul 2016 04:30:30 GMT" time="0.148" errors="0">
  <testcase name="@BeforeTest launchapp" time="0.0" classname="com.practice.seleniumgrid.TestNGClass">
    <failure type="java.lang.NullPointerException">
      <![CDATA[java.lang.NullPointerException
	at org.monte.screenrecorder.ScreenRecorder.createMovieWriter(ScreenRecorder.java:382)
	at org.monte.screenrecorder.ScreenRecorder.start(ScreenRecorder.java:489)
	at com.spi.screenRecorder.VideoRecord.startRecording(VideoRecord.java:55)
	at com.practice.seleniumgrid.TestNGClass.launchapp(TestNGClass.java:33)
	at java.util.concurrent.FutureTask.run(Unknown Source)
	at java.util.concurrent.ThreadPoolExecutor.runWorker(Unknown Source)
	at java.util.concurrent.ThreadPoolExecutor$Worker.run(Unknown Source)
	at java.lang.Thread.run(Unknown Source)
... Removed 14 stack frames]]>
    </failure>
  </testcase> <!-- @BeforeTest launchapp -->
  <testcase name="@AfterTest closeBrowser" time="0.0" classname="com.practice.seleniumgrid.TestNGClass">
    <skipped/>
  </testcase> <!-- @AfterTest closeBrowser -->
  <testcase name="calculatepercent" time="0.017" classname="com.practice.seleniumgrid.TestNGClass">
    <skipped/>
  </testcase> <!-- calculatepercent -->
</testsuite> <!-- IETest -->
