<?xml version="1.0" encoding="UTF-8"?>
<testng-results skipped="0" failed="0" total="1" passed="1">
  <reporter-output>
  </reporter-output>
  <suite name="Default suite" duration-ms="48217" started-at="2016-04-25T11:57:45Z" finished-at="2016-04-25T11:58:34Z">
    <groups>
    </groups>
    <test name="Default test" duration-ms="48217" started-at="2016-04-25T11:57:45Z" finished-at="2016-04-25T11:58:34Z">
      <class name="com.spi.testcases.Driver">
        <test-method status="PASS" signature="openApplication()[pri:0, instance:com.spi.testcases.Driver@24a67]" name="openApplication" is-config="true" duration-ms="15683" started-at="2016-04-25T17:27:45Z" finished-at="2016-04-25T17:28:01Z">
          <reporter-output>
          </reporter-output>
        </test-method> <!-- openApplication -->
        <test-method status="PASS" signature="testMethod()[pri:0, instance:com.spi.testcases.Driver@24a67]" name="testMethod" duration-ms="31766" started-at="2016-04-25T17:28:01Z" finished-at="2016-04-25T17:28:33Z">
          <reporter-output>
          </reporter-output>
        </test-method> <!-- testMethod -->
        <test-method status="PASS" signature="closeBrowser()[pri:0, instance:com.spi.testcases.Driver@24a67]" name="closeBrowser" is-config="true" duration-ms="765" started-at="2016-04-25T17:28:33Z" finished-at="2016-04-25T17:28:34Z">
          <reporter-output>
          </reporter-output>
        </test-method> <!-- closeBrowser -->
      </class> <!-- com.spi.testcases.Driver -->
    </test> <!-- Default test -->
  </suite> <!-- Default suite -->
</testng-results>
