<?xml version="1.0" encoding="UTF-8"?>
<!-- Generated by org.testng.reporters.JUnitXMLReporter -->
<testsuite hostname="SPICITY1077" name="Test1" tests="1" failures="1" timestamp="21 Jul 2016 09:12:17 GMT" time="0.192" errors="0">
  <testcase name="L2NavigationlinkValidation" time="0.15" classname="com.Pages.AllBealls.TopNavigationChecker">
    <failure type="java.lang.NullPointerException">
      <![CDATA[java.lang.NullPointerException
	at com.google.common.base.Preconditions.checkNotNull(Preconditions.java:212)
	at org.openqa.selenium.support.ui.FluentWait.<init>(FluentWait.java:102)
	at org.openqa.selenium.support.ui.WebDriverWait.<init>(WebDriverWait.java:71)
	at org.openqa.selenium.support.ui.WebDriverWait.<init>(WebDriverWait.java:45)
	at com.Pages.AllBealls.TopNavigationChecker.L2NavigationlinkValidation(TopNavigationChecker.java:141)
	at java.util.concurrent.FutureTask.run(Unknown Source)
	at java.util.concurrent.ThreadPoolExecutor.runWorker(Unknown Source)
	at java.util.concurrent.ThreadPoolExecutor$Worker.run(Unknown Source)
	at java.lang.Thread.run(Unknown Source)
... Removed 16 stack frames]]>
    </failure>
  </testcase> <!-- L2NavigationlinkValidation -->
</testsuite> <!-- Test1 -->
